[0221/111107.755:INFO:CONSOLE(9024)] "Download the Vue Devtools extension for a better development experience:
https://github.com/vuejs/vue-devtools", source: webpack:///./node_modules/vue/dist/vue.esm.js? (9024)
[0221/111107.755:INFO:CONSOLE(9029)] "You are running Vue in development mode.
Make sure to turn on production mode when deploying for production.
See more tips at https://vuejs.org/guide/deployment.html", source: webpack:///./node_modules/vue/dist/vue.esm.js? (9029)
[0221/111109.072:INFO:CONSOLE(1)] "Uncaught TypeError: Cannot set property 'value' of null", source: about:blank (1)
[0221/131027.529:INFO:CONSOLE(1)] "Uncaught TypeError: Cannot set property 'value' of null", source: about:blank (1)
[0221/131619.936:INFO:CONSOLE(1)] "Uncaught TypeError: Cannot set property 'value' of null", source: about:blank (1)
[0221/131826.415:INFO:CONSOLE(1)] "Uncaught TypeError: Cannot set property 'value' of null", source: about:blank (1)
[0221/141216.301:INFO:CONSOLE(1)] "Uncaught TypeError: Cannot set property 'value' of null", source: about:blank (1)
[0221/141535.403:INFO:CONSOLE(1)] "Uncaught TypeError: Cannot set property 'value' of null", source: about:blank (1)
[0221/145505.489:INFO:CONSOLE(1)] "Uncaught SyntaxError: Invalid or unexpected token", source: about:blank (1)
[0221/145505.506:INFO:CONSOLE(1)] "Uncaught TypeError: Cannot set property 'value' of null", source: about:blank (1)
[0221/145623.543:INFO:CONSOLE(1)] "Uncaught SyntaxError: Invalid or unexpected token", source: about:blank (1)
[0221/145623.544:INFO:CONSOLE(1)] "Uncaught TypeError: Cannot set property 'value' of null", source: about:blank (1)
[0221/145808.405:INFO:CONSOLE(1)] "Uncaught TypeError: Cannot set property 'value' of null", source: about:blank (1)
[0221/150602.047:INFO:CONSOLE(1)] "Uncaught TypeError: Cannot set property 'value' of null", source: about:blank (1)
[0221/151137.221:INFO:CONSOLE(1)] "Uncaught TypeError: Cannot set property 'value' of null", source: about:blank (1)
[0303/105759.351:INFO:CONSOLE(1)] "Uncaught TypeError: Cannot read property 'style' of null", source: about:blank (1)
[0303/105759.367:INFO:CONSOLE(1)] "Uncaught TypeError: Cannot set property 'value' of null", source: about:blank (1)
[0303/110434.185:INFO:CONSOLE(1)] "Uncaught TypeError: Cannot read property 'style' of null", source: about:blank (1)
[0303/110434.185:INFO:CONSOLE(1)] "Uncaught TypeError: Cannot set property 'value' of null", source: about:blank (1)
[0303/140444.850:INFO:CONSOLE(1)] "Uncaught TypeError: Cannot read property 'style' of null", source: about:blank (1)
[0303/140444.858:INFO:CONSOLE(1)] "Uncaught TypeError: Cannot set property 'value' of null", source: about:blank (1)
[0304/132234.161:INFO:CONSOLE(1)] "Uncaught TypeError: Cannot set property 'value' of null", source: about:blank (1)
[0311/135718.943:INFO:CONSOLE(1)] "Uncaught TypeError: Cannot set property 'value' of null", source: about:blank (1)
[0312/104638.536:INFO:CONSOLE(1)] "Uncaught TypeError: Cannot set property 'value' of null", source: about:blank (1)
[0312/164114.842:INFO:CONSOLE(1)] "Uncaught TypeError: Cannot set property 'value' of null", source: about:blank (1)
[0313/103657.902:INFO:CONSOLE(1)] "Uncaught TypeError: Cannot set property 'value' of null", source: about:blank (1)
[0313/103912.771:INFO:CONSOLE(1)] "Uncaught TypeError: Cannot set property 'value' of null", source: about:blank (1)
[0313/104338.238:INFO:CONSOLE(1)] "Uncaught TypeError: Cannot set property 'value' of null", source: about:blank (1)
[0313/105140.902:INFO:CONSOLE(1)] "Uncaught TypeError: Cannot set property 'value' of null", source: about:blank (1)
[0313/105521.900:INFO:CONSOLE(1)] "Uncaught TypeError: Cannot set property 'value' of null", source: about:blank (1)
[0313/110639.194:INFO:CONSOLE(1)] "Uncaught TypeError: Cannot set property 'value' of null", source: about:blank (1)
[0313/111525.521:INFO:CONSOLE(1)] "Uncaught TypeError: Cannot set property 'value' of null", source: about:blank (1)
[0528/163800.435:INFO:CONSOLE(1)] "Uncaught TypeError: Cannot read property 'style' of null", source: about:blank (1)
[0528/163800.523:INFO:CONSOLE(1)] "Uncaught TypeError: Cannot set property 'value' of null", source: about:blank (1)
